This is XeTeX, Version 3.141592653-2.6-0.999993 (MiKTeX 21.10) (preloaded format=xelatex 2021.10.11)  19 JUL 2022 10:42
entering extended mode
**./progress_presentation.tex
(progress_presentation.tex
LaTeX2e <2021-06-01> patch level 1
L3 programming layer <2021-08-27> (C:\Users\Ryan\AppData\Local\Programs\MiKTeX\
tex/latex/beamer\beamer.cls
Document Class: beamer 2022/05/17 v3.67 A class for typesetting presentations

(C:\Users\Ryan\AppData\Local\Programs\MiKTeX\tex/latex/beamer\beamerbasemodes.s
ty (C:\Users\Ryan\AppData\Local\Programs\MiKTeX\tex/latex/etoolbox\etoolbox.sty
Package: etoolbox 2020/10/05 v2.5k e-TeX tools for LaTeX (JAW)
\etb@tempcnta=\count178
)
\beamer@tempbox=\box50
\beamer@tempcount=\count179
\c@beamerpauses=\count180

(C:\Users\Ryan\AppData\Local\Programs\MiKTeX\tex/latex/beamer\beamerbasedecode.
sty
\beamer@slideinframe=\count181
\beamer@minimum=\count182
\beamer@decode@box=\box51
)
\beamer@commentbox=\box52
\beamer@modecount=\count183
) (C:\Users\Ryan\AppData\Local\Programs\MiKTeX\tex/generic/iftex\iftex.sty
Package: iftex 2020/03/06 v1.0d TeX engine tests
)
\headdp=\dimen138
\footheight=\dimen139
\sidebarheight=\dimen140
\beamer@tempdim=\dimen141
\beamer@finalheight=\dimen142
\beamer@animht=\dimen143
\beamer@animdp=\dimen144
\beamer@animwd=\dimen145
\beamer@leftmargin=\dimen146
\beamer@rightmargin=\dimen147
\beamer@leftsidebar=\dimen148
\beamer@rightsidebar=\dimen149
\beamer@boxsize=\dimen150
\beamer@vboxoffset=\dimen151
\beamer@descdefault=\dimen152
\beamer@descriptionwidth=\dimen153
\beamer@lastskip=\skip47
\beamer@areabox=\box53
\beamer@animcurrent=\box54
\beamer@animshowbox=\box55
\beamer@sectionbox=\box56
\beamer@logobox=\box57
\beamer@linebox=\box58
\beamer@sectioncount=\count184
\beamer@subsubsectionmax=\count185
\beamer@subsectionmax=\count186
\beamer@sectionmax=\count187
\beamer@totalheads=\count188
\beamer@headcounter=\count189
\beamer@partstartpage=\count190
\beamer@sectionstartpage=\count191
\beamer@subsectionstartpage=\count192
\beamer@animationtempa=\count193
\beamer@animationtempb=\count194
\beamer@xpos=\count195
\beamer@ypos=\count196
\beamer@ypos@offset=\count197
\beamer@showpartnumber=\count198
\beamer@currentsubsection=\count199
\beamer@coveringdepth=\count266
\beamer@sectionadjust=\count267
\beamer@toclastsection=\count268
\beamer@tocsectionnumber=\count269

(C:\Users\Ryan\AppData\Local\Programs\MiKTeX\tex/latex/beamer\beamerbaseoptions
.sty (C:\Users\Ryan\AppData\Local\Programs\MiKTeX\tex/latex/graphics\keyval.sty
Package: keyval 2014/10/28 v1.15 key=value parser (DPC)
\KV@toks@=\toks16
))
\beamer@paperwidth=\skip48
\beamer@paperheight=\skip49
(C:\Users\Ryan\AppData\Local\Programs\MiKTeX\tex/latex/geometry\geometry.sty
Package: geometry 2020/01/02 v5.9 Page Geometry
(C:\Users\Ryan\AppData\Local\Programs\MiKTeX\tex/generic/iftex\ifvtex.sty
Package: ifvtex 2019/10/25 v1.7 ifvtex legacy package. Use iftex instead.
)
\Gm@cnth=\count270
\Gm@cntv=\count271
\c@Gm@tempcnt=\count272
\Gm@bindingoffset=\dimen154
\Gm@wd@mp=\dimen155
\Gm@odd@mp=\dimen156
\Gm@even@mp=\dimen157
\Gm@layoutwidth=\dimen158
\Gm@layoutheight=\dimen159
\Gm@layouthoffset=\dimen160
\Gm@layoutvoffset=\dimen161
\Gm@dimlist=\toks17
(C:\Users\Ryan\AppData\Local\Programs\MiKTeX\tex/latex/geometry\geometry.cfg)) 
(C:\Users\Ryan\AppData\Local\Programs\MiKTeX\tex/latex/pgf/math\pgfmath.sty
(C:\Users\Ryan\AppData\Local\Programs\MiKTeX\tex/latex/pgf/utilities\pgfrcs.sty

(C:\Users\Ryan\AppData\Local\Programs\MiKTeX\tex/generic/pgf/utilities\pgfutil-
common.tex
\pgfutil@everybye=\toks18
\pgfutil@tempdima=\dimen162
\pgfutil@tempdimb=\dimen163

(C:\Users\Ryan\AppData\Local\Programs\MiKTeX\tex/generic/pgf/utilities\pgfutil-
common-lists.tex))
(C:\Users\Ryan\AppData\Local\Programs\MiKTeX\tex/generic/pgf/utilities\pgfutil-
latex.def
\pgfutil@abb=\box59
)
(C:\Users\Ryan\AppData\Local\Programs\MiKTeX\tex/generic/pgf/utilities\pgfrcs.c
ode.tex (C:\Users\Ryan\AppData\Local\Programs\MiKTeX\tex/generic/pgf\pgf.revisi
on.tex)
Package: pgfrcs 2021/05/15 v3.1.9a (3.1.9a)
))
(C:\Users\Ryan\AppData\Local\Programs\MiKTeX\tex/latex/pgf/utilities\pgfkeys.st
y
(C:\Users\Ryan\AppData\Local\Programs\MiKTeX\tex/generic/pgf/utilities\pgfkeys.
code.tex
\pgfkeys@pathtoks=\toks19
\pgfkeys@temptoks=\toks20

(C:\Users\Ryan\AppData\Local\Programs\MiKTeX\tex/generic/pgf/utilities\pgfkeysf
iltered.code.tex
\pgfkeys@tmptoks=\toks21
)))
(C:\Users\Ryan\AppData\Local\Programs\MiKTeX\tex/generic/pgf/math\pgfmath.code.
tex
(C:\Users\Ryan\AppData\Local\Programs\MiKTeX\tex/generic/pgf/math\pgfmathcalc.c
ode.tex
(C:\Users\Ryan\AppData\Local\Programs\MiKTeX\tex/generic/pgf/math\pgfmathutil.c
ode.tex
\pgf@x=\dimen164
\pgf@xa=\dimen165
\pgf@xb=\dimen166
\pgf@xc=\dimen167
\pgf@y=\dimen168
\pgf@ya=\dimen169
\pgf@yb=\dimen170
\pgf@yc=\dimen171
\c@pgf@counta=\count273
\c@pgf@countb=\count274
\c@pgf@countc=\count275
\c@pgf@countd=\count276
)
(C:\Users\Ryan\AppData\Local\Programs\MiKTeX\tex/generic/pgf/math\pgfmathparser
.code.tex
\pgfmath@dimen=\dimen172
\pgfmath@count=\count277
\pgfmath@box=\box60
\pgfmath@toks=\toks22
\pgfmath@stack@operand=\toks23
\pgfmath@stack@operation=\toks24
)
(C:\Users\Ryan\AppData\Local\Programs\MiKTeX\tex/generic/pgf/math\pgfmathfuncti
ons.code.tex
(C:\Users\Ryan\AppData\Local\Programs\MiKTeX\tex/generic/pgf/math\pgfmathfuncti
ons.basic.code.tex)
(C:\Users\Ryan\AppData\Local\Programs\MiKTeX\tex/generic/pgf/math\pgfmathfuncti
ons.trigonometric.code.tex)
(C:\Users\Ryan\AppData\Local\Programs\MiKTeX\tex/generic/pgf/math\pgfmathfuncti
ons.random.code.tex)
(C:\Users\Ryan\AppData\Local\Programs\MiKTeX\tex/generic/pgf/math\pgfmathfuncti
ons.comparison.code.tex)
(C:\Users\Ryan\AppData\Local\Programs\MiKTeX\tex/generic/pgf/math\pgfmathfuncti
ons.base.code.tex)
(C:\Users\Ryan\AppData\Local\Programs\MiKTeX\tex/generic/pgf/math\pgfmathfuncti
ons.round.code.tex)
(C:\Users\Ryan\AppData\Local\Programs\MiKTeX\tex/generic/pgf/math\pgfmathfuncti
ons.misc.code.tex)
(C:\Users\Ryan\AppData\Local\Programs\MiKTeX\tex/generic/pgf/math\pgfmathfuncti
ons.integerarithmetics.code.tex)))
(C:\Users\Ryan\AppData\Local\Programs\MiKTeX\tex/generic/pgf/math\pgfmathfloat.
code.tex
\c@pgfmathroundto@lastzeros=\count278
))) (C:\Users\Ryan\AppData\Local\Programs\MiKTeX\tex/latex/base\size11.clo
File: size11.clo 2021/02/12 v1.4n Standard LaTeX file (size option)
)
(C:\Users\Ryan\AppData\Local\Programs\MiKTeX\tex/latex/pgf/basiclayer\pgfcore.s
ty (C:\Users\Ryan\AppData\Local\Programs\MiKTeX\tex/latex/graphics\graphicx.sty
Package: graphicx 2020/12/05 v1.2c Enhanced LaTeX Graphics (DPC,SPQR)
(C:\Users\Ryan\AppData\Local\Programs\MiKTeX\tex/latex/graphics\graphics.sty
Package: graphics 2021/03/04 v1.4d Standard LaTeX Graphics (DPC,SPQR)
(C:\Users\Ryan\AppData\Local\Programs\MiKTeX\tex/latex/graphics\trig.sty
Package: trig 2016/01/03 v1.10 sin cos tan (DPC)
)
(C:\Users\Ryan\AppData\Local\Programs\MiKTeX\tex/latex/graphics-cfg\graphics.cf
g
File: graphics.cfg 2016/06/04 v1.11 sample graphics configuration
)
Package graphics Info: Driver file: xetex.def on input line 107.
(C:\Users\Ryan\AppData\Local\Programs\MiKTeX\tex/latex/graphics-def\xetex.def
File: xetex.def 2021/03/18 v5.0k Graphics/color driver for xetex
))
\Gin@req@height=\dimen173
\Gin@req@width=\dimen174
)
(C:\Users\Ryan\AppData\Local\Programs\MiKTeX\tex/latex/pgf/systemlayer\pgfsys.s
ty
(C:\Users\Ryan\AppData\Local\Programs\MiKTeX\tex/generic/pgf/systemlayer\pgfsys
.code.tex
Package: pgfsys 2021/05/15 v3.1.9a (3.1.9a)

(C:\Users\Ryan\AppData\Local\Programs\MiKTeX\tex/generic/pgf/utilities\pgfkeys.
code.tex)
\pgf@x=\dimen175
\pgf@y=\dimen176
\pgf@xa=\dimen177
\pgf@ya=\dimen178
\pgf@xb=\dimen179
\pgf@yb=\dimen180
\pgf@xc=\dimen181
\pgf@yc=\dimen182
\pgf@xd=\dimen183
\pgf@yd=\dimen184
\w@pgf@writea=\write3
\r@pgf@reada=\read2
\c@pgf@counta=\count279
\c@pgf@countb=\count280
\c@pgf@countc=\count281
\c@pgf@countd=\count282
\t@pgf@toka=\toks25
\t@pgf@tokb=\toks26
\t@pgf@tokc=\toks27
\pgf@sys@id@count=\count283

(C:\Users\Ryan\AppData\Local\Programs\MiKTeX\tex/generic/pgf/systemlayer\pgf.cf
g
File: pgf.cfg 2021/05/15 v3.1.9a (3.1.9a)
)
Driver file for pgf: pgfsys-xetex.def

(C:\Users\Ryan\AppData\Local\Programs\MiKTeX\tex/generic/pgf/systemlayer\pgfsys
-xetex.def
File: pgfsys-xetex.def 2021/05/15 v3.1.9a (3.1.9a)

(C:\Users\Ryan\AppData\Local\Programs\MiKTeX\tex/generic/pgf/systemlayer\pgfsys
-dvipdfmx.def
File: pgfsys-dvipdfmx.def 2021/05/15 v3.1.9a (3.1.9a)

(C:\Users\Ryan\AppData\Local\Programs\MiKTeX\tex/generic/pgf/systemlayer\pgfsys
-common-pdf.def
File: pgfsys-common-pdf.def 2021/05/15 v3.1.9a (3.1.9a)
)
\pgfsys@objnum=\count284
)))
(C:\Users\Ryan\AppData\Local\Programs\MiKTeX\tex/generic/pgf/systemlayer\pgfsys
softpath.code.tex
File: pgfsyssoftpath.code.tex 2021/05/15 v3.1.9a (3.1.9a)
\pgfsyssoftpath@smallbuffer@items=\count285
\pgfsyssoftpath@bigbuffer@items=\count286
)
(C:\Users\Ryan\AppData\Local\Programs\MiKTeX\tex/generic/pgf/systemlayer\pgfsys
protocol.code.tex
File: pgfsysprotocol.code.tex 2021/05/15 v3.1.9a (3.1.9a)
)) (C:\Users\Ryan\AppData\Local\Programs\MiKTeX\tex/latex/xcolor\xcolor.sty
Package: xcolor 2016/05/11 v2.12 LaTeX color extensions (UK)
(C:\Users\Ryan\AppData\Local\Programs\MiKTeX\tex/latex/graphics-cfg\color.cfg
File: color.cfg 2016/01/02 v1.6 sample color configuration
)
Package xcolor Info: Driver file: xetex.def on input line 225.
Package xcolor Info: Model `cmy' substituted by `cmy0' on input line 1348.
Package xcolor Info: Model `RGB' extended on input line 1364.
Package xcolor Info: Model `HTML' substituted by `rgb' on input line 1366.
Package xcolor Info: Model `Hsb' substituted by `hsb' on input line 1367.
Package xcolor Info: Model `tHsb' substituted by `hsb' on input line 1368.
Package xcolor Info: Model `HSB' substituted by `hsb' on input line 1369.
Package xcolor Info: Model `Gray' substituted by `gray' on input line 1370.
Package xcolor Info: Model `wave' substituted by `hsb' on input line 1371.
)
(C:\Users\Ryan\AppData\Local\Programs\MiKTeX\tex/generic/pgf/basiclayer\pgfcore
.code.tex
Package: pgfcore 2021/05/15 v3.1.9a (3.1.9a)

(C:\Users\Ryan\AppData\Local\Programs\MiKTeX\tex/generic/pgf/math\pgfmath.code.
tex)
(C:\Users\Ryan\AppData\Local\Programs\MiKTeX\tex/generic/pgf/math\pgfint.code.t
ex)
(C:\Users\Ryan\AppData\Local\Programs\MiKTeX\tex/generic/pgf/basiclayer\pgfcore
points.code.tex
File: pgfcorepoints.code.tex 2021/05/15 v3.1.9a (3.1.9a)
\pgf@picminx=\dimen185
\pgf@picmaxx=\dimen186
\pgf@picminy=\dimen187
\pgf@picmaxy=\dimen188
\pgf@pathminx=\dimen189
\pgf@pathmaxx=\dimen190
\pgf@pathminy=\dimen191
\pgf@pathmaxy=\dimen192
\pgf@xx=\dimen193
\pgf@xy=\dimen194
\pgf@yx=\dimen195
\pgf@yy=\dimen196
\pgf@zx=\dimen197
\pgf@zy=\dimen198
)
(C:\Users\Ryan\AppData\Local\Programs\MiKTeX\tex/generic/pgf/basiclayer\pgfcore
pathconstruct.code.tex
File: pgfcorepathconstruct.code.tex 2021/05/15 v3.1.9a (3.1.9a)
\pgf@path@lastx=\dimen199
\pgf@path@lasty=\dimen256
)
(C:\Users\Ryan\AppData\Local\Programs\MiKTeX\tex/generic/pgf/basiclayer\pgfcore
pathusage.code.tex
File: pgfcorepathusage.code.tex 2021/05/15 v3.1.9a (3.1.9a)
\pgf@shorten@end@additional=\dimen257
\pgf@shorten@start@additional=\dimen258
)
(C:\Users\Ryan\AppData\Local\Programs\MiKTeX\tex/generic/pgf/basiclayer\pgfcore
scopes.code.tex
File: pgfcorescopes.code.tex 2021/05/15 v3.1.9a (3.1.9a)
\pgfpic=\box61
\pgf@hbox=\box62
\pgf@layerbox@main=\box63
\pgf@picture@serial@count=\count287
)
(C:\Users\Ryan\AppData\Local\Programs\MiKTeX\tex/generic/pgf/basiclayer\pgfcore
graphicstate.code.tex
File: pgfcoregraphicstate.code.tex 2021/05/15 v3.1.9a (3.1.9a)
\pgflinewidth=\dimen259
)
(C:\Users\Ryan\AppData\Local\Programs\MiKTeX\tex/generic/pgf/basiclayer\pgfcore
transformations.code.tex
File: pgfcoretransformations.code.tex 2021/05/15 v3.1.9a (3.1.9a)
\pgf@pt@x=\dimen260
\pgf@pt@y=\dimen261
\pgf@pt@temp=\dimen262
)
(C:\Users\Ryan\AppData\Local\Programs\MiKTeX\tex/generic/pgf/basiclayer\pgfcore
quick.code.tex
File: pgfcorequick.code.tex 2021/05/15 v3.1.9a (3.1.9a)
)
(C:\Users\Ryan\AppData\Local\Programs\MiKTeX\tex/generic/pgf/basiclayer\pgfcore
objects.code.tex
File: pgfcoreobjects.code.tex 2021/05/15 v3.1.9a (3.1.9a)
)
(C:\Users\Ryan\AppData\Local\Programs\MiKTeX\tex/generic/pgf/basiclayer\pgfcore
pathprocessing.code.tex
File: pgfcorepathprocessing.code.tex 2021/05/15 v3.1.9a (3.1.9a)
)
(C:\Users\Ryan\AppData\Local\Programs\MiKTeX\tex/generic/pgf/basiclayer\pgfcore
arrows.code.tex
File: pgfcorearrows.code.tex 2021/05/15 v3.1.9a (3.1.9a)
\pgfarrowsep=\dimen263
)
(C:\Users\Ryan\AppData\Local\Programs\MiKTeX\tex/generic/pgf/basiclayer\pgfcore
shade.code.tex
File: pgfcoreshade.code.tex 2021/05/15 v3.1.9a (3.1.9a)
\pgf@max=\dimen264
\pgf@sys@shading@range@num=\count288
\pgf@shadingcount=\count289
)
(C:\Users\Ryan\AppData\Local\Programs\MiKTeX\tex/generic/pgf/basiclayer\pgfcore
image.code.tex
File: pgfcoreimage.code.tex 2021/05/15 v3.1.9a (3.1.9a)

(C:\Users\Ryan\AppData\Local\Programs\MiKTeX\tex/generic/pgf/basiclayer\pgfcore
external.code.tex
File: pgfcoreexternal.code.tex 2021/05/15 v3.1.9a (3.1.9a)
\pgfexternal@startupbox=\box64
))
(C:\Users\Ryan\AppData\Local\Programs\MiKTeX\tex/generic/pgf/basiclayer\pgfcore
layers.code.tex
File: pgfcorelayers.code.tex 2021/05/15 v3.1.9a (3.1.9a)
)
(C:\Users\Ryan\AppData\Local\Programs\MiKTeX\tex/generic/pgf/basiclayer\pgfcore
transparency.code.tex
File: pgfcoretransparency.code.tex 2021/05/15 v3.1.9a (3.1.9a)
)
(C:\Users\Ryan\AppData\Local\Programs\MiKTeX\tex/generic/pgf/basiclayer\pgfcore
patterns.code.tex
File: pgfcorepatterns.code.tex 2021/05/15 v3.1.9a (3.1.9a)
)
(C:\Users\Ryan\AppData\Local\Programs\MiKTeX\tex/generic/pgf/basiclayer\pgfcore
rdf.code.tex
File: pgfcorerdf.code.tex 2021/05/15 v3.1.9a (3.1.9a)
)))
(C:\Users\Ryan\AppData\Local\Programs\MiKTeX\tex/latex/pgf/utilities\xxcolor.st
y
Package: xxcolor 2003/10/24 ver 0.1
\XC@nummixins=\count290
\XC@countmixins=\count291
) (C:\Users\Ryan\AppData\Local\Programs\MiKTeX\tex/latex/base\atbegshi-ltx.sty
Package: atbegshi-ltx 2021/01/10 v1.0c Emulation of the original atbegshi
package with kernel methods
) (C:\Users\Ryan\AppData\Local\Programs\MiKTeX\tex/latex/hyperref\hyperref.sty
Package: hyperref 2021-06-07 v7.00m Hypertext links for LaTeX
(C:\Users\Ryan\AppData\Local\Programs\MiKTeX\tex/generic/ltxcmds\ltxcmds.sty
Package: ltxcmds 2020-05-10 v1.25 LaTeX kernel commands for general use (HO)
)
(C:\Users\Ryan\AppData\Local\Programs\MiKTeX\tex/generic/pdftexcmds\pdftexcmds.
sty
Package: pdftexcmds 2020-06-27 v0.33 Utility functions of pdfTeX for LuaTeX (HO
)

(C:\Users\Ryan\AppData\Local\Programs\MiKTeX\tex/generic/infwarerr\infwarerr.st
y
Package: infwarerr 2019/12/03 v1.5 Providing info/warning/error messages (HO)
)
Package pdftexcmds Info: \pdf@primitive is available.
Package pdftexcmds Info: \pdf@ifprimitive is available.
Package pdftexcmds Info: \pdfdraftmode not found.
)
(C:\Users\Ryan\AppData\Local\Programs\MiKTeX\tex/generic/kvsetkeys\kvsetkeys.st
y
Package: kvsetkeys 2019/12/15 v1.18 Key value parser (HO)
)
(C:\Users\Ryan\AppData\Local\Programs\MiKTeX\tex/generic/kvdefinekeys\kvdefinek
eys.sty
Package: kvdefinekeys 2019-12-19 v1.6 Define keys (HO)
)
(C:\Users\Ryan\AppData\Local\Programs\MiKTeX\tex/generic/pdfescape\pdfescape.st
y
Package: pdfescape 2019/12/09 v1.15 Implements pdfTeX's escape features (HO)
) (C:\Users\Ryan\AppData\Local\Programs\MiKTeX\tex/latex/hycolor\hycolor.sty
Package: hycolor 2020-01-27 v1.10 Color options for hyperref/bookmark (HO)
)
(C:\Users\Ryan\AppData\Local\Programs\MiKTeX\tex/latex/letltxmacro\letltxmacro.
sty
Package: letltxmacro 2019/12/03 v1.6 Let assignment for LaTeX macros (HO)
) (C:\Users\Ryan\AppData\Local\Programs\MiKTeX\tex/latex/auxhook\auxhook.sty
Package: auxhook 2019-12-17 v1.6 Hooks for auxiliary files (HO)
) (C:\Users\Ryan\AppData\Local\Programs\MiKTeX\tex/latex/kvoptions\kvoptions.st
y
Package: kvoptions 2020-10-07 v3.14 Key value format for package options (HO)
)
\@linkdim=\dimen265
\Hy@linkcounter=\count292
\Hy@pagecounter=\count293
(C:\Users\Ryan\AppData\Local\Programs\MiKTeX\tex/latex/hyperref\pd1enc.def
File: pd1enc.def 2021-06-07 v7.00m Hyperref: PDFDocEncoding definition (HO)
)
(C:\Users\Ryan\AppData\Local\Programs\MiKTeX\tex/latex/hyperref\hyperref-langpa
tches.def
File: hyperref-langpatches.def 2021-06-07 v7.00m Hyperref: patches for babel la
nguages
) (C:\Users\Ryan\AppData\Local\Programs\MiKTeX\tex/generic/intcalc\intcalc.sty
Package: intcalc 2019/12/15 v1.3 Expandable calculations with integers (HO)
) (C:\Users\Ryan\AppData\Local\Programs\MiKTeX\tex/generic/etexcmds\etexcmds.st
y
Package: etexcmds 2019/12/15 v1.7 Avoid name clashes with e-TeX commands (HO)
)
\Hy@SavedSpaceFactor=\count294
(C:\Users\Ryan\AppData\Local\Programs\MiKTeX\tex/latex/hyperref\puenc.def
File: puenc.def 2021-06-07 v7.00m Hyperref: PDF Unicode definition (HO)
)
Package hyperref Info: Option `unicode' set `true' on input line 4073.
Package hyperref Info: Option `bookmarks' set `true' on input line 4073.
Package hyperref Info: Option `bookmarksopen' set `true' on input line 4073.
Package hyperref Info: Option `implicit' set `false' on input line 4073.
Package hyperref Info: Hyper figures OFF on input line 4192.
Package hyperref Info: Link nesting OFF on input line 4197.
Package hyperref Info: Hyper index ON on input line 4200.
Package hyperref Info: Plain pages OFF on input line 4207.
Package hyperref Info: Backreferencing OFF on input line 4212.
Package hyperref Info: Implicit mode OFF; no redefinition of LaTeX internals.
Package hyperref Info: Bookmarks ON on input line 4445.
\c@Hy@tempcnt=\count295
(C:\Users\Ryan\AppData\Local\Programs\MiKTeX\tex/latex/url\url.sty
\Urlmuskip=\muskip16
Package: url 2013/09/16  ver 3.4  Verb mode for urls, etc.
)
LaTeX Info: Redefining \url on input line 4804.
\XeTeXLinkMargin=\dimen266
(C:\Users\Ryan\AppData\Local\Programs\MiKTeX\tex/generic/bitset\bitset.sty
Package: bitset 2019/12/09 v1.3 Handle bit-vector datatype (HO)

(C:\Users\Ryan\AppData\Local\Programs\MiKTeX\tex/generic/bigintcalc\bigintcalc.
sty
Package: bigintcalc 2019/12/15 v1.5 Expandable calculations on big integers (HO
)
))
\Fld@menulength=\count296
\Field@Width=\dimen267
\Fld@charsize=\dimen268
Package hyperref Info: Hyper figures OFF on input line 6076.
Package hyperref Info: Link nesting OFF on input line 6081.
Package hyperref Info: Hyper index ON on input line 6084.
Package hyperref Info: backreferencing OFF on input line 6091.
Package hyperref Info: Link coloring OFF on input line 6096.
Package hyperref Info: Link coloring with OCG OFF on input line 6101.
Package hyperref Info: PDF/A mode OFF on input line 6106.
LaTeX Info: Redefining \ref on input line 6146.
LaTeX Info: Redefining \pageref on input line 6150.
\Hy@abspage=\count297

Package hyperref Message: Stopped early.

)
Package hyperref Info: Driver (autodetected): hxetex.
(C:\Users\Ryan\AppData\Local\Programs\MiKTeX\tex/latex/hyperref\hxetex.def
File: hxetex.def 2021-06-07 v7.00m Hyperref driver for XeTeX

(C:\Users\Ryan\AppData\Local\Programs\MiKTeX\tex/generic/stringenc\stringenc.st
y
Package: stringenc 2019/11/29 v1.12 Convert strings between diff. encodings (HO
)
)
\pdfm@box=\box65
\c@Hy@AnnotLevel=\count298
\HyField@AnnotCount=\count299
\Fld@listcount=\count300
\c@bookmark@seq@number=\count301

(C:\Users\Ryan\AppData\Local\Programs\MiKTeX\tex/latex/rerunfilecheck\rerunfile
check.sty
Package: rerunfilecheck 2019/12/05 v1.9 Rerun checks for auxiliary files (HO)
(C:\Users\Ryan\AppData\Local\Programs\MiKTeX\tex/latex/base\atveryend-ltx.sty
Package: atveryend-ltx 2020/08/19 v1.0a Emulation of the original atvery packag
e
with kernel methods
)
(C:\Users\Ryan\AppData\Local\Programs\MiKTeX\tex/generic/uniquecounter\uniqueco
unter.sty
Package: uniquecounter 2019/12/15 v1.4 Provide unlimited unique counter (HO)
)
Package uniquecounter Info: New unique counter `rerunfilecheck' on input line 2
86.
))
(C:\Users\Ryan\AppData\Local\Programs\MiKTeX\tex/latex/beamer\beamerbaserequire
s.sty
(C:\Users\Ryan\AppData\Local\Programs\MiKTeX\tex/latex/beamer\beamerbasecompati
bility.sty)
(C:\Users\Ryan\AppData\Local\Programs\MiKTeX\tex/latex/beamer\beamerbasefont.st
y (C:\Users\Ryan\AppData\Local\Programs\MiKTeX\tex/latex/amsfonts\amssymb.sty
Package: amssymb 2013/01/14 v3.01 AMS font symbols
(C:\Users\Ryan\AppData\Local\Programs\MiKTeX\tex/latex/amsfonts\amsfonts.sty
Package: amsfonts 2013/01/14 v3.01 Basic AMSFonts support
\@emptytoks=\toks28
\symAMSa=\mathgroup4
\symAMSb=\mathgroup5
LaTeX Font Info:    Redeclaring math symbol \hbar on input line 98.
LaTeX Font Info:    Overwriting math alphabet `\mathfrak' in version `bold'
(Font)                  U/euf/m/n --> U/euf/b/n on input line 106.
))
(C:\Users\Ryan\AppData\Local\Programs\MiKTeX\tex/latex/sansmathaccent\sansmatha
ccent.sty
Package: sansmathaccent 2020/01/31

(C:\Users\Ryan\AppData\Local\Programs\MiKTeX\tex/latex/koma-script\scrlfile.sty
Package: scrlfile 2022/05/01 v3.36 KOMA-Script package (file load hooks)

(C:\Users\Ryan\AppData\Local\Programs\MiKTeX\tex/latex/koma-script\scrlfile-hoo
k-3.34.sty
Package: scrlfile-hook-3.34 2022/05/01 v3.36 KOMA-Script package (using LaTeX h
ooks)
(C:\Users\Ryan\AppData\Local\Programs\MiKTeX\tex/latex/koma-script\scrlogo.sty
Package: scrlogo 2022/05/01 v3.36 KOMA-Script package (logo)
)))))
(C:\Users\Ryan\AppData\Local\Programs\MiKTeX\tex/latex/beamer\beamerbasetransla
tor.sty
(C:\Users\Ryan\AppData\Local\Programs\MiKTeX\tex/latex/translator\translator.st
y
Package: translator 2021-05-31 v1.12d Easy translation of strings in LaTeX
))
(C:\Users\Ryan\AppData\Local\Programs\MiKTeX\tex/latex/beamer\beamerbasemisc.st
y)
(C:\Users\Ryan\AppData\Local\Programs\MiKTeX\tex/latex/beamer\beamerbasetwoscre
ens.sty)
(C:\Users\Ryan\AppData\Local\Programs\MiKTeX\tex/latex/beamer\beamerbaseoverlay
.sty
\beamer@argscount=\count302
\beamer@lastskipcover=\skip50
\beamer@trivlistdepth=\count303
)
(C:\Users\Ryan\AppData\Local\Programs\MiKTeX\tex/latex/beamer\beamerbasetitle.s
ty)
(C:\Users\Ryan\AppData\Local\Programs\MiKTeX\tex/latex/beamer\beamerbasesection
.sty
\c@lecture=\count304
\c@part=\count305
\c@section=\count306
\c@subsection=\count307
\c@subsubsection=\count308
)
(C:\Users\Ryan\AppData\Local\Programs\MiKTeX\tex/latex/beamer\beamerbaseframe.s
ty
\beamer@framebox=\box66
\beamer@frametitlebox=\box67
\beamer@zoombox=\box68
\beamer@zoomcount=\count309
\beamer@zoomframecount=\count310
\beamer@frametextheight=\dimen269
\c@subsectionslide=\count311
\beamer@frametopskip=\skip51
\beamer@framebottomskip=\skip52
\beamer@frametopskipautobreak=\skip53
\beamer@framebottomskipautobreak=\skip54
\beamer@envbody=\toks29
\framewidth=\dimen270
\c@framenumber=\count312
)
(C:\Users\Ryan\AppData\Local\Programs\MiKTeX\tex/latex/beamer\beamerbaseverbati
m.sty
\beamer@verbatimfileout=\write4
)
(C:\Users\Ryan\AppData\Local\Programs\MiKTeX\tex/latex/beamer\beamerbaseframesi
ze.sty
\beamer@splitbox=\box69
\beamer@autobreakcount=\count313
\beamer@autobreaklastheight=\dimen271
\beamer@frametitletoks=\toks30
\beamer@framesubtitletoks=\toks31
)
(C:\Users\Ryan\AppData\Local\Programs\MiKTeX\tex/latex/beamer\beamerbaseframeco
mponents.sty
\beamer@footins=\box70
)
(C:\Users\Ryan\AppData\Local\Programs\MiKTeX\tex/latex/beamer\beamerbasecolor.s
ty)
(C:\Users\Ryan\AppData\Local\Programs\MiKTeX\tex/latex/beamer\beamerbasenotes.s
ty
\beamer@frameboxcopy=\box71
)
(C:\Users\Ryan\AppData\Local\Programs\MiKTeX\tex/latex/beamer\beamerbasetoc.sty
)
(C:\Users\Ryan\AppData\Local\Programs\MiKTeX\tex/latex/beamer\beamerbasetemplat
es.sty
\beamer@sbttoks=\toks32

(C:\Users\Ryan\AppData\Local\Programs\MiKTeX\tex/latex/beamer\beamerbaseauxtemp
lates.sty
(C:\Users\Ryan\AppData\Local\Programs\MiKTeX\tex/latex/beamer\beamerbaseboxes.s
ty
\bmb@box=\box72
\bmb@colorbox=\box73
\bmb@boxwidth=\dimen272
\bmb@boxheight=\dimen273
\bmb@prevheight=\dimen274
\bmb@temp=\dimen275
\bmb@dima=\dimen276
\bmb@dimb=\dimen277
\bmb@prevheight=\dimen278
)
\beamer@blockheadheight=\dimen279
))
(C:\Users\Ryan\AppData\Local\Programs\MiKTeX\tex/latex/beamer\beamerbaselocalst
ructure.sty (C:\Users\Ryan\AppData\Local\Programs\MiKTeX\tex/latex/tools\enumer
ate.sty
Package: enumerate 2015/07/23 v3.00 enumerate extensions (DPC)
\@enLab=\toks33
)
\beamer@bibiconwidth=\skip55
\c@figure=\count314
\c@table=\count315
\abovecaptionskip=\skip56
\belowcaptionskip=\skip57
)
(C:\Users\Ryan\AppData\Local\Programs\MiKTeX\tex/latex/beamer\beamerbasenavigat
ion.sty
\beamer@section@min@dim=\dimen280
)
(C:\Users\Ryan\AppData\Local\Programs\MiKTeX\tex/latex/beamer\beamerbasetheorem
s.sty (C:\Users\Ryan\AppData\Local\Programs\MiKTeX\tex/latex/amsmath\amsmath.st
y
Package: amsmath 2021/04/20 v2.17j AMS math features
\@mathmargin=\skip58
For additional information on amsmath, use the `?' option.
(C:\Users\Ryan\AppData\Local\Programs\MiKTeX\tex/latex/amsmath\amstext.sty
Package: amstext 2000/06/29 v2.01 AMS text
(C:\Users\Ryan\AppData\Local\Programs\MiKTeX\tex/latex/amsmath\amsgen.sty
File: amsgen.sty 1999/11/30 v2.0 generic functions
\@emptytoks=\toks34
\ex@=\dimen281
)) (C:\Users\Ryan\AppData\Local\Programs\MiKTeX\tex/latex/amsmath\amsbsy.sty
Package: amsbsy 1999/11/29 v1.2d Bold Symbols
\pmbraise@=\dimen282
) (C:\Users\Ryan\AppData\Local\Programs\MiKTeX\tex/latex/amsmath\amsopn.sty
Package: amsopn 2016/03/08 v2.02 operator names
)
\inf@bad=\count316
LaTeX Info: Redefining \frac on input line 234.
\uproot@=\count317
\leftroot@=\count318
LaTeX Info: Redefining \overline on input line 399.
\classnum@=\count319
\DOTSCASE@=\count320
LaTeX Info: Redefining \ldots on input line 496.
LaTeX Info: Redefining \dots on input line 499.
LaTeX Info: Redefining \cdots on input line 620.
\Mathstrutbox@=\box74
\strutbox@=\box75
\big@size=\dimen283
LaTeX Font Info:    Redeclaring font encoding OML on input line 743.
LaTeX Font Info:    Redeclaring font encoding OMS on input line 744.
\macc@depth=\count321
\c@MaxMatrixCols=\count322
\dotsspace@=\muskip17
\c@parentequation=\count323
\dspbrk@lvl=\count324
\tag@help=\toks35
\row@=\count325
\column@=\count326
\maxfields@=\count327
\andhelp@=\toks36
\eqnshift@=\dimen284
\alignsep@=\dimen285
\tagshift@=\dimen286
\tagwidth@=\dimen287
\totwidth@=\dimen288
\lineht@=\dimen289
\@envbody=\toks37
\multlinegap=\skip59
\multlinetaggap=\skip60
\mathdisplay@stack=\toks38
LaTeX Info: Redefining \[ on input line 2923.
LaTeX Info: Redefining \] on input line 2924.
) (C:\Users\Ryan\AppData\Local\Programs\MiKTeX\tex/latex/amscls\amsthm.sty
Package: amsthm 2020/05/29 v2.20.6
\thm@style=\toks39
\thm@bodyfont=\toks40
\thm@headfont=\toks41
\thm@notefont=\toks42
\thm@headpunct=\toks43
\thm@preskip=\skip61
\thm@postskip=\skip62
\thm@headsep=\skip63
\dth@everypar=\toks44
)
\c@theorem=\count328
)
(C:\Users\Ryan\AppData\Local\Programs\MiKTeX\tex/latex/beamer\beamerbasethemes.
sty))
(C:\Users\Ryan\AppData\Local\Programs\MiKTeX\tex/latex/beamer\beamerthemedefaul
t.sty
(C:\Users\Ryan\AppData\Local\Programs\MiKTeX\tex/latex/beamer\beamerfontthemede
fault.sty)
(C:\Users\Ryan\AppData\Local\Programs\MiKTeX\tex/latex/beamer\beamercolorthemed
efault.sty)
(C:\Users\Ryan\AppData\Local\Programs\MiKTeX\tex/latex/beamer\beamerinnerthemed
efault.sty
\beamer@dima=\dimen290
\beamer@dimb=\dimen291
)
(C:\Users\Ryan\AppData\Local\Programs\MiKTeX\tex/latex/beamer\beamerouterthemed
efault.sty)))
(C:\Users\Ryan\AppData\Local\Programs\MiKTeX\tex/latex/pgf/utilities\pgfpages.s
ty
Package: pgfpages 2011/01/05 ver 0.02
(C:\Users\Ryan\AppData\Local\Programs\MiKTeX\tex/latex/tools\calc.sty
Package: calc 2017/05/25 v4.3 Infix arithmetic (KKT,FJ)
\calc@Acount=\count329
\calc@Bcount=\count330
\calc@Adimen=\dimen292
\calc@Bdimen=\dimen293
\calc@Askip=\skip64
\calc@Bskip=\skip65
LaTeX Info: Redefining \setlength on input line 80.
LaTeX Info: Redefining \addtolength on input line 81.
\calc@Ccount=\count331
\calc@Cskip=\skip66
)
\pgf@logicalpages=\count332
\pgf@firstshipout=\count333
\pgf@lastshipout=\count334
\pgf@currentshipout=\count335
\pgf@cpn=\count336
\pgf@shipoutnextto=\count337
\pgfphysicalheight=\dimen294
\pgfphysicalwidth=\dimen295
\pgfpages@shipoutbox=\box76
) (C:\Users\Ryan\AppData\Local\Programs\MiKTeX\tex/latex/lm\lmodern.sty
Package: lmodern 2009/10/30 v1.6 Latin Modern Fonts
LaTeX Font Info:    Overwriting symbol font `operators' in version `normal'
(Font)                  OT1/cmr/m/n --> OT1/lmr/m/n on input line 22.
LaTeX Font Info:    Overwriting symbol font `letters' in version `normal'
(Font)                  OML/cmm/m/it --> OML/lmm/m/it on input line 23.
LaTeX Font Info:    Overwriting symbol font `symbols' in version `normal'
(Font)                  OMS/cmsy/m/n --> OMS/lmsy/m/n on input line 24.
LaTeX Font Info:    Overwriting symbol font `largesymbols' in version `normal'
(Font)                  OMX/cmex/m/n --> OMX/lmex/m/n on input line 25.
LaTeX Font Info:    Overwriting symbol font `operators' in version `bold'
(Font)                  OT1/cmr/bx/n --> OT1/lmr/bx/n on input line 26.
LaTeX Font Info:    Overwriting symbol font `letters' in version `bold'
(Font)                  OML/cmm/b/it --> OML/lmm/b/it on input line 27.
LaTeX Font Info:    Overwriting symbol font `symbols' in version `bold'
(Font)                  OMS/cmsy/b/n --> OMS/lmsy/b/n on input line 28.
LaTeX Font Info:    Overwriting symbol font `largesymbols' in version `bold'
(Font)                  OMX/cmex/m/n --> OMX/lmex/m/n on input line 29.
LaTeX Font Info:    Overwriting math alphabet `\mathbf' in version `normal'
(Font)                  OT1/cmr/bx/n --> OT1/lmr/bx/n on input line 31.
LaTeX Font Info:    Overwriting math alphabet `\mathsf' in version `normal'
(Font)                  OT1/cmss/m/n --> OT1/lmss/m/n on input line 32.
LaTeX Font Info:    Overwriting math alphabet `\mathit' in version `normal'
(Font)                  OT1/cmr/m/it --> OT1/lmr/m/it on input line 33.
LaTeX Font Info:    Overwriting math alphabet `\mathtt' in version `normal'
(Font)                  OT1/cmtt/m/n --> OT1/lmtt/m/n on input line 34.
LaTeX Font Info:    Overwriting math alphabet `\mathbf' in version `bold'
(Font)                  OT1/cmr/bx/n --> OT1/lmr/bx/n on input line 35.
LaTeX Font Info:    Overwriting math alphabet `\mathsf' in version `bold'
(Font)                  OT1/cmss/bx/n --> OT1/lmss/bx/n on input line 36.
LaTeX Font Info:    Overwriting math alphabet `\mathit' in version `bold'
(Font)                  OT1/cmr/bx/it --> OT1/lmr/bx/it on input line 37.
LaTeX Font Info:    Overwriting math alphabet `\mathtt' in version `bold'
(Font)                  OT1/cmtt/m/n --> OT1/lmtt/m/n on input line 38.
)
(C:\Users\Ryan\AppData\Local\Programs\MiKTeX\tex/latex/unicode-math\unicode-mat
h.sty (C:\Users\Ryan\AppData\Local\Programs\MiKTeX\tex/latex/l3kernel\expl3.sty
Package: expl3 2021-08-27 L3 programming layer (loader) 

(C:\Users\Ryan\AppData\Local\Programs\MiKTeX\tex/latex/l3backend\l3backend-xete
x.def
File: l3backend-xetex.def 2021-08-04 L3 backend support: XeTeX
()
\c__kernel_sys_dvipdfmx_version_int=\count338
\l__color_backend_stack_int=\count339
\g__color_backend_stack_int=\count340
\g__graphics_track_int=\count341
\l__pdf_internal_box=\box77
\g__pdf_backend_object_int=\count342
\g__pdf_backend_annotation_int=\count343
\g__pdf_backend_link_int=\count344
))
Package: unicode-math 2020/01/31 v0.8q Unicode maths in XeLaTeX and LuaLaTeX

(C:\Users\Ryan\AppData\Local\Programs\MiKTeX\tex/latex/unicode-math\unicode-mat
h-xetex.sty
Package: unicode-math-xetex 2020/01/31 v0.8q Unicode maths in XeLaTeX and LuaLa
TeX

(C:\Users\Ryan\AppData\Local\Programs\MiKTeX\tex/latex/l3packages/xparse\xparse
.sty
Package: xparse 2021-08-27 L3 Experimental document command parser
)
(C:\Users\Ryan\AppData\Local\Programs\MiKTeX\tex/latex/l3packages/l3keys2e\l3ke
ys2e.sty
Package: l3keys2e 2021-08-27 LaTeX2e option processing using LaTeX3 keys
) (C:\Users\Ryan\AppData\Local\Programs\MiKTeX\tex/latex/fontspec\fontspec.sty
Package: fontspec 2020/02/21 v2.7i Font selection for XeLaTeX and LuaLaTeX

(C:\Users\Ryan\AppData\Local\Programs\MiKTeX\tex/latex/fontspec\fontspec-xetex.
sty
Package: fontspec-xetex 2020/02/21 v2.7i Font selection for XeLaTeX and LuaLaTe
X
\l__fontspec_script_int=\count345
\l__fontspec_language_int=\count346
\l__fontspec_strnum_int=\count347
\l__fontspec_tmp_int=\count348
\l__fontspec_tmpa_int=\count349
\l__fontspec_tmpb_int=\count350
\l__fontspec_tmpc_int=\count351
\l__fontspec_em_int=\count352
\l__fontspec_emdef_int=\count353
\l__fontspec_strong_int=\count354
\l__fontspec_strongdef_int=\count355
\l__fontspec_tmpa_dim=\dimen296
\l__fontspec_tmpb_dim=\dimen297
\l__fontspec_tmpc_dim=\dimen298
(C:\Users\Ryan\AppData\Local\Programs\MiKTeX\tex/latex/base\fontenc.sty
Package: fontenc 2021/04/29 v2.0v Standard LaTeX package
) (C:\Users\Ryan\AppData\Local\Programs\MiKTeX\tex/latex/fontspec\fontspec.cfg)
)) (C:\Users\Ryan\AppData\Local\Programs\MiKTeX\tex/latex/base\fix-cm.sty
Package: fix-cm 2020/11/24 v1.1t fixes to LaTeX
(C:\Users\Ryan\AppData\Local\Programs\MiKTeX\tex/latex/base\ts1enc.def
File: ts1enc.def 2001/06/05 v3.0e (jk/car/fm) Standard LaTeX file
LaTeX Font Info:    Redeclaring font encoding TS1 on input line 47.
))
\g__um_fam_int=\count356
\g__um_fonts_used_int=\count357
\l__um_primecount_int=\count358
\g__um_primekern_muskip=\muskip18

(C:\Users\Ryan\AppData\Local\Programs\MiKTeX\tex/latex/unicode-math\unicode-mat
h-table.tex))) (C:\Users\Ryan\AppData\Local\Programs\MiKTeX\tex/latex/upquote\u
pquote.sty
Package: upquote 2012/04/19 v1.3 upright-quote and grave-accent glyphs in verba
tim
(C:\Users\Ryan\AppData\Local\Programs\MiKTeX\tex/latex/base\textcomp.sty
Package: textcomp 2020/02/02 v2.0n Standard LaTeX package
)) (C:\Users\Ryan\AppData\Local\Programs\MiKTeX\tex/latex/microtype\microtype.s
ty
Package: microtype 2021/03/14 v2.8c Micro-typographical refinements (RS)
\MT@toks=\toks45
\MT@count=\count359
LaTeX Info: Redefining \textls on input line 790.
\MT@outer@kern=\dimen299
LaTeX Info: Redefining \textmicrotypecontext on input line 1374.
\MT@listname@count=\count360

(C:\Users\Ryan\AppData\Local\Programs\MiKTeX\tex/latex/microtype\microtype-xete
x.def
File: microtype-xetex.def 2021/03/14 v2.8c Definitions specific to xetex (RS)
LaTeX Info: Redefining \lsstyle on input line 254.
)
Package microtype Info: Loading configuration file microtype.cfg.
(C:\Users\Ryan\AppData\Local\Programs\MiKTeX\tex/latex/microtype\microtype.cfg
File: microtype.cfg 2021/03/14 v2.8c microtype main configuration file (RS)
)) (C:\Users\Ryan\AppData\Local\Programs\MiKTeX\tex/latex/parskip\parskip.sty
Package: parskip 2021-03-14 v2.0h non-zero parskip adjustments
) (C:\Users\Ryan\AppData\Local\Programs\MiKTeX\tex/latex/tools\longtable.sty
Package: longtable 2021-05-07 v4.16 Multi-page Table package (DPC)
\LTleft=\skip67
\LTright=\skip68
\LTpre=\skip69
\LTpost=\skip70
\LTchunksize=\count361
\LTcapwidth=\dimen300
\LT@head=\box78
\LT@firsthead=\box79
\LT@foot=\box80
\LT@lastfoot=\box81
\LT@gbox=\box82
\LT@cols=\count362
\LT@rows=\count363
\c@LT@tables=\count364
\c@LT@chunks=\count365
\LT@p@ftn=\toks46
) (C:\Users\Ryan\AppData\Local\Programs\MiKTeX\tex/latex/booktabs\booktabs.sty
Package: booktabs 2020/01/12 v1.61803398 Publication quality tables
\heavyrulewidth=\dimen301
\lightrulewidth=\dimen302
\cmidrulewidth=\dimen303
\belowrulesep=\dimen304
\belowbottomsep=\dimen305
\aboverulesep=\dimen306
\abovetopsep=\dimen307
\cmidrulesep=\dimen308
\cmidrulekern=\dimen309
\defaultaddspace=\dimen310
\@cmidla=\count366
\@cmidlb=\count367
\@aboverulesep=\dimen311
\@belowrulesep=\dimen312
\@thisruleclass=\count368
\@lastruleclass=\count369
\@thisrulewidth=\dimen313
) (C:\Users\Ryan\AppData\Local\Programs\MiKTeX\tex/latex/tools\array.sty
Package: array 2021/04/20 v2.5e Tabular extension package (FMi)
\col@sep=\dimen314
\ar@mcellbox=\box83
\extrarowheight=\dimen315
\NC@list=\toks47
\extratabsurround=\skip71
\backup@length=\skip72
\ar@cellbox=\box84
) (C:\Users\Ryan\AppData\Local\Programs\MiKTeX\tex/latex/caption\caption.sty
Package: caption 2020/10/26 v3.5g Customizing captions (AR)
(C:\Users\Ryan\AppData\Local\Programs\MiKTeX\tex/latex/caption\caption3.sty
Package: caption3 2020/10/21 v2.2e caption3 kernel (AR)
\captionmargin=\dimen316
\captionmargin@=\dimen317
\captionwidth=\dimen318
\caption@tempdima=\dimen319
\caption@indent=\dimen320
\caption@parindent=\dimen321
\caption@hangindent=\dimen322
Package caption Info: beamer document class detected.

(C:\Users\Ryan\AppData\Local\Programs\MiKTeX\tex/latex/caption\caption-beamer.s
to
File: caption-beamer.sto 2020/08/22 v2.0 Adaption of the caption package to the
 beamer document classes (AR)
))
\c@caption@flags=\count370
\c@continuedfloat=\count371
Package caption Info: hyperref package is loaded.
Package caption Info: Hyperref support is turned off
(caption)             because hyperref has stopped early.
Package caption Info: longtable package is loaded.
(C:\Users\Ryan\AppData\Local\Programs\MiKTeX\tex/latex/caption\ltcaption.sty
Package: ltcaption 2020/05/30 v1.4b longtable captions (AR)
)) (C:\Users\Ryan\AppData\Local\Programs\MiKTeX\tex/latex/float\float.sty
Package: float 2001/11/08 v1.3d Float enhancements (AL)
\c@float@type=\count372
\float@exts=\toks48
\float@box=\box85
\@float@everytoks=\toks49
\@floatcapt=\box86
)
\@float@every@codelisting=\toks50
\c@codelisting=\count373
(C:\Users\Ryan\AppData\Local\Programs\MiKTeX\tex/latex/caption\subcaption.sty
Package: subcaption 2020/10/07 v1.3j Sub-captions (AR)
\c@subfigure=\count374
\c@subtable=\count375
) (C:\Users\Ryan\AppData\Local\Programs\MiKTeX\tex/latex/tcolorbox\tcolorbox.st
y
Package: tcolorbox 2021/06/14 version 4.51 text color boxes
(C:\Users\Ryan\AppData\Local\Programs\MiKTeX\tex/latex/pgf/basiclayer\pgf.sty
Package: pgf 2021/05/15 v3.1.9a (3.1.9a)

(C:\Users\Ryan\AppData\Local\Programs\MiKTeX\tex/generic/pgf/modules\pgfmodules
hapes.code.tex
File: pgfmoduleshapes.code.tex 2021/05/15 v3.1.9a (3.1.9a)
\pgfnodeparttextbox=\box87
)
(C:\Users\Ryan\AppData\Local\Programs\MiKTeX\tex/generic/pgf/modules\pgfmodulep
lot.code.tex
File: pgfmoduleplot.code.tex 2021/05/15 v3.1.9a (3.1.9a)
)
(C:\Users\Ryan\AppData\Local\Programs\MiKTeX\tex/latex/pgf/compatibility\pgfcom
p-version-0-65.sty
Package: pgfcomp-version-0-65 2021/05/15 v3.1.9a (3.1.9a)
\pgf@nodesepstart=\dimen323
\pgf@nodesepend=\dimen324
)
(C:\Users\Ryan\AppData\Local\Programs\MiKTeX\tex/latex/pgf/compatibility\pgfcom
p-version-1-18.sty
Package: pgfcomp-version-1-18 2021/05/15 v3.1.9a (3.1.9a)
)) (C:\Users\Ryan\AppData\Local\Programs\MiKTeX\tex/latex/tools\verbatim.sty
Package: verbatim 2020-07-07 v1.5u LaTeX2e package for verbatim enhancements
\every@verbatim=\toks51
\verbatim@line=\toks52
\verbatim@in@stream=\read3
) (C:\Users\Ryan\AppData\Local\Programs\MiKTeX\tex/latex/environ\environ.sty
Package: environ 2014/05/04 v0.3 A new way to define environments

(C:\Users\Ryan\AppData\Local\Programs\MiKTeX\tex/latex/trimspaces\trimspaces.st
y
Package: trimspaces 2009/09/17 v1.1 Trim spaces around a token list
))
\tcb@titlebox=\box88
\tcb@upperbox=\box89
\tcb@lowerbox=\box90
\tcb@phantombox=\box91
\c@tcbbreakpart=\count376
\c@tcblayer=\count377
\c@tcolorbox@number=\count378
\tcb@temp=\box92
\tcb@temp=\box93
\tcb@temp=\box94
\tcb@temp=\box95

(C:\Users\Ryan\AppData\Local\Programs\MiKTeX\tex/latex/tcolorbox\tcbraster.code
.tex
Library (tcolorbox): 'tcbraster.code.tex' version '4.51'
\c@tcbrastercolumn=\count379
\c@tcbrasterrow=\count380
\c@tcbrasternum=\count381
\c@tcbraster=\count382
)
(C:\Users\Ryan\AppData\Local\Programs\MiKTeX\tex/latex/tcolorbox\tcbskins.code.
tex
Library (tcolorbox): 'tcbskins.code.tex' version '4.51'

(C:\Users\Ryan\AppData\Local\Programs\MiKTeX\tex/latex/pgf/frontendlayer\tikz.s
ty
(C:\Users\Ryan\AppData\Local\Programs\MiKTeX\tex/latex/pgf/utilities\pgffor.sty

(C:\Users\Ryan\AppData\Local\Programs\MiKTeX\tex/generic/pgf/utilities\pgffor.c
ode.tex
Package: pgffor 2021/05/15 v3.1.9a (3.1.9a)

(C:\Users\Ryan\AppData\Local\Programs\MiKTeX\tex/generic/pgf/math\pgfmath.code.
tex)
\pgffor@iter=\dimen325
\pgffor@skip=\dimen326
\pgffor@stack=\toks53
\pgffor@toks=\toks54
))
(C:\Users\Ryan\AppData\Local\Programs\MiKTeX\tex/generic/pgf/frontendlayer/tikz
\tikz.code.tex
Package: tikz 2021/05/15 v3.1.9a (3.1.9a)

(C:\Users\Ryan\AppData\Local\Programs\MiKTeX\tex/generic/pgf/libraries\pgflibra
ryplothandlers.code.tex
File: pgflibraryplothandlers.code.tex 2021/05/15 v3.1.9a (3.1.9a)
\pgf@plot@mark@count=\count383
\pgfplotmarksize=\dimen327
)
\tikz@lastx=\dimen328
\tikz@lasty=\dimen329
\tikz@lastxsaved=\dimen330
\tikz@lastysaved=\dimen331
\tikz@lastmovetox=\dimen332
\tikz@lastmovetoy=\dimen333
\tikzleveldistance=\dimen334
\tikzsiblingdistance=\dimen335
\tikz@figbox=\box96
\tikz@figbox@bg=\box97
\tikz@tempbox=\box98
\tikz@tempbox@bg=\box99
\tikztreelevel=\count384
\tikznumberofchildren=\count385
\tikznumberofcurrentchild=\count386
\tikz@fig@count=\count387

(C:\Users\Ryan\AppData\Local\Programs\MiKTeX\tex/generic/pgf/modules\pgfmodulem
atrix.code.tex
File: pgfmodulematrix.code.tex 2021/05/15 v3.1.9a (3.1.9a)
\pgfmatrixcurrentrow=\count388
\pgfmatrixcurrentcolumn=\count389
\pgf@matrix@numberofcolumns=\count390
)
\tikz@expandcount=\count391

(C:\Users\Ryan\AppData\Local\Programs\MiKTeX\tex/generic/pgf/frontendlayer/tikz
/libraries\tikzlibrarytopaths.code.tex
File: tikzlibrarytopaths.code.tex 2021/05/15 v3.1.9a (3.1.9a)
)))
\tcb@waterbox=\box100

(C:\Users\Ryan\AppData\Local\Programs\MiKTeX\tex/latex/tcolorbox\tcbskinsjigsaw
.code.tex
Library (tcolorbox): 'tcbskinsjigsaw.code.tex' version '4.51'
))
(C:\Users\Ryan\AppData\Local\Programs\MiKTeX\tex/latex/tcolorbox\tcbbreakable.c
ode.tex
Library (tcolorbox): 'tcbbreakable.code.tex' version '4.51'
(C:\Users\Ryan\AppData\Local\Programs\MiKTeX\tex/generic/oberdiek\pdfcol.sty
Package: pdfcol 2019/12/29 v1.6 Handle new color stacks for pdfTeX (HO)
Package pdfcol Info: Interface disabled because of missing PDF mode of pdfTeX.
)
Package pdfcol Info: pdfTeX's color stacks are not available.
\tcb@testbox=\box101
\tcb@totalupperbox=\box102
\tcb@totallowerbox=\box103
)
(C:\Users\Ryan\AppData\Local\Programs\MiKTeX\tex/latex/tcolorbox\tcbhooks.code.
tex
Library (tcolorbox): 'tcbhooks.code.tex' version '4.51'
)
(C:\Users\Ryan\AppData\Local\Programs\MiKTeX\tex/latex/tcolorbox\tcbtheorems.co
de.tex
Library (tcolorbox): 'tcbtheorems.code.tex' version '4.51'
)
(C:\Users\Ryan\AppData\Local\Programs\MiKTeX\tex/latex/tcolorbox\tcbfitting.cod
e.tex
Library (tcolorbox): 'tcbfitting.code.tex' version '4.51'
\tcbfitdim=\dimen336
\tcb@lowerfitdim=\dimen337
\tcb@upperfitdim=\dimen338
\tcb@cur@hbadness=\count392
)
(C:\Users\Ryan\AppData\Local\Programs\MiKTeX\tex/latex/tcolorbox\tcbxparse.code
.tex
Library (tcolorbox): 'tcbxparse.code.tex' version '4.51'
)) (C:\Users\Ryan\AppData\Local\Programs\MiKTeX\tex/latex/bookmark\bookmark.sty
Package: bookmark 2020-11-06 v1.29 PDF bookmarks (HO)

(C:\Users\Ryan\AppData\Local\Programs\MiKTeX\tex/latex/bookmark\bkm-dvipdfm.def
File: bkm-dvipdfm.def 2020-11-06 v1.29 bookmark driver for dvipdfm (HO)
\BKM@id=\count393
)) (C:\Users\Ryan\AppData\Local\Programs\MiKTeX\tex/latex/xurl\xurl.sty
Package: xurl 2020/12/30 v 0.09a modify URL breaks
) (progress_presentation.aux)
\openout1 = `progress_presentation.aux'.

LaTeX Font Info:    Checking defaults for OML/cmm/m/it on input line 168.
LaTeX Font Info:    ... okay on input line 168.
LaTeX Font Info:    Checking defaults for OMS/cmsy/m/n on input line 168.
LaTeX Font Info:    ... okay on input line 168.
LaTeX Font Info:    Checking defaults for OT1/cmr/m/n on input line 168.
LaTeX Font Info:    ... okay on input line 168.
LaTeX Font Info:    Checking defaults for T1/cmr/m/n on input line 168.
LaTeX Font Info:    ... okay on input line 168.
LaTeX Font Info:    Checking defaults for TS1/cmr/m/n on input line 168.
LaTeX Font Info:    ... okay on input line 168.
LaTeX Font Info:    Checking defaults for TU/lmr/m/n on input line 168.
LaTeX Font Info:    ... okay on input line 168.
LaTeX Font Info:    Checking defaults for OMX/cmex/m/n on input line 168.
LaTeX Font Info:    ... okay on input line 168.
LaTeX Font Info:    Checking defaults for U/cmr/m/n on input line 168.
LaTeX Font Info:    ... okay on input line 168.
LaTeX Font Info:    Checking defaults for PD1/pdf/m/n on input line 168.
LaTeX Font Info:    ... okay on input line 168.
LaTeX Font Info:    Checking defaults for PU/pdf/m/n on input line 168.
LaTeX Font Info:    ... okay on input line 168.
*geometry* driver: auto-detecting
*geometry* detected driver: xetex
*geometry* verbose mode - [ preamble ] result:
* driver: xetex
* paper: custom
* layout: <same size as paper>
* layoutoffset:(h,v)=(0.0pt,0.0pt)
* modes: includehead includefoot 
* h-part:(L,W,R)=(28.45274pt, 307.28987pt, 28.45274pt)
* v-part:(T,H,B)=(0.0pt, 273.14662pt, 0.0pt)
* \paperwidth=364.19536pt
* \paperheight=273.14662pt
* \textwidth=307.28987pt
* \textheight=244.6939pt
* \oddsidemargin=-43.81725pt
* \evensidemargin=-43.81725pt
* \topmargin=-72.26999pt
* \headheight=14.22636pt
* \headsep=0.0pt
* \topskip=11.0pt
* \footskip=14.22636pt
* \marginparwidth=4.0pt
* \marginparsep=10.0pt
* \columnsep=10.0pt
* \skip\footins=10.0pt plus 4.0pt minus 2.0pt
* \hoffset=0.0pt
* \voffset=0.0pt
* \mag=1000
* \@twocolumnfalse
* \@twosidefalse
* \@mparswitchfalse
* \@reversemarginfalse
* (1in=72.27pt=25.4mm, 1cm=28.453pt)

Package hyperref Info: Link coloring OFF on input line 168.
(C:\Users\Ryan\AppData\Local\Programs\MiKTeX\tex/latex/hyperref\nameref.sty
Package: nameref 2021-04-02 v2.47 Cross-referencing by name of section
(C:\Users\Ryan\AppData\Local\Programs\MiKTeX\tex/latex/refcount\refcount.sty
Package: refcount 2019/12/15 v3.6 Data extraction from label references (HO)
)
(C:\Users\Ryan\AppData\Local\Programs\MiKTeX\tex/generic/gettitlestring\gettitl
estring.sty
Package: gettitlestring 2019/12/15 v1.6 Cleanup title references (HO)
)
\c@section@level=\count394
)
LaTeX Info: Redefining \ref on input line 168.
LaTeX Info: Redefining \pageref on input line 168.
LaTeX Info: Redefining \nameref on input line 168.

(C:\Users\Ryan\AppData\Local\Programs\MiKTeX\tex/latex/translator\translator-ba
sic-dictionary-English.dict
Dictionary: translator-basic-dictionary, Language: English 
)
(C:\Users\Ryan\AppData\Local\Programs\MiKTeX\tex/latex/translator\translator-bi
bliography-dictionary-English.dict
Dictionary: translator-bibliography-dictionary, Language: English 
)
(C:\Users\Ryan\AppData\Local\Programs\MiKTeX\tex/latex/translator\translator-en
vironment-dictionary-English.dict
Dictionary: translator-environment-dictionary, Language: English 
)
(C:\Users\Ryan\AppData\Local\Programs\MiKTeX\tex/latex/translator\translator-mo
nths-dictionary-English.dict
Dictionary: translator-months-dictionary, Language: English 
)
(C:\Users\Ryan\AppData\Local\Programs\MiKTeX\tex/latex/translator\translator-nu
mbers-dictionary-English.dict
Dictionary: translator-numbers-dictionary, Language: English 
)
(C:\Users\Ryan\AppData\Local\Programs\MiKTeX\tex/latex/translator\translator-th
eorem-dictionary-English.dict
Dictionary: translator-theorem-dictionary, Language: English 
)
LaTeX Font Info:    Overwriting math alphabet `\mathrm' in version `normal'
(Font)                  OT1/lmr/m/n --> TU/lmr/m/n on input line 168.
LaTeX Font Info:    Overwriting math alphabet `\mathit' in version `normal'
(Font)                  OT1/lmr/m/it --> TU/lmr/m/it on input line 168.
LaTeX Font Info:    Overwriting math alphabet `\mathbf' in version `normal'
(Font)                  OT1/lmr/bx/n --> TU/lmr/bx/n on input line 168.
LaTeX Font Info:    Overwriting math alphabet `\mathsf' in version `normal'
(Font)                  OT1/lmss/m/n --> TU/lmss/m/n on input line 168.
LaTeX Font Info:    Overwriting math alphabet `\mathsf' in version `bold'
(Font)                  OT1/lmss/bx/n --> TU/lmss/bx/n on input line 168.
LaTeX Font Info:    Overwriting math alphabet `\mathtt' in version `normal'
(Font)                  OT1/lmtt/m/n --> TU/lmtt/m/n on input line 168.
LaTeX Font Info:    Overwriting math alphabet `\mathtt' in version `bold'
(Font)                  OT1/lmtt/m/n --> TU/lmtt/bx/n on input line 168.

Package fontspec Info: latinmodern-math scale = 1.03015890977869.


Package fontspec Info: latinmodern-math scale = 1.03015890977869.


Package fontspec Info: latinmodern-math scale = 1.03015890977869.


Package fontspec Info: Font family 'latinmodern-math.otf(0)' created for font
(fontspec)             'latinmodern-math.otf' with options
(fontspec)             [Scale=MatchLowercase,BoldItalicFont={},ItalicFont={},Sm
allCapsFont={},Script=Math,BoldFont={latinmodern-math.otf}].
(fontspec)              
(fontspec)              This font family consists of the following NFSS
(fontspec)             series/shapes:
(fontspec)              
(fontspec)             - 'normal' (m/n) with NFSS spec.:
(fontspec)             <->s*[1.03015890977869]"[latinmodern-math.otf]/OT:script
=math;language=dflt;"
(fontspec)             - 'small caps'  (m/sc) with NFSS spec.: 
(fontspec)             - 'bold' (b/n) with NFSS spec.:
(fontspec)             <->s*[1.03015890977869]"[latinmodern-math.otf]/OT:script
=math;language=dflt;"
(fontspec)             - 'bold small caps'  (b/sc) with NFSS spec.: 

LaTeX Font Info:    Font shape `TU/latinmodern-math.otf(0)/m/n' will be
(Font)              scaled to size 11.28015pt on input line 168.

Package fontspec Info: latinmodern-math scale = 1.03015890977869.


Package fontspec Info: latinmodern-math scale = 1.03015890977869.


Package fontspec Info: latinmodern-math scale = 1.03015890977869.


Package fontspec Info: latinmodern-math scale = 1.03015890977869.


Package fontspec Info: latinmodern-math scale = 1.03015890977869.


Package fontspec Info: Font family 'latinmodern-math.otf(1)' created for font
(fontspec)             'latinmodern-math.otf' with options
(fontspec)             [Scale=MatchLowercase,BoldItalicFont={},ItalicFont={},Sm
allCapsFont={},Script=Math,SizeFeatures={{Size=9.3075-},{Size=6.57-9.3075,Font=
latinmodern-math.otf,Style=MathScript},{Size=-6.57,Font=latinmodern-math.otf,St
yle=MathScriptScript}},BoldFont={latinmodern-math.otf}].
(fontspec)              
(fontspec)              This font family consists of the following NFSS
(fontspec)             series/shapes:
(fontspec)              
(fontspec)             - 'normal' (m/n) with NFSS spec.:
(fontspec)             <9.3075->s*[1.03015890977869]"[latinmodern-math.otf]/OT:
script=math;language=dflt;"<6.57-9.3075>s*[1.03015890977869]"[latinmodern-math.
otf]/OT:script=math;language=dflt;+ssty=0;"<-6.57>s*[1.03015890977869]"[latinmo
dern-math.otf]/OT:script=math;language=dflt;+ssty=1;"
(fontspec)             - 'small caps'  (m/sc) with NFSS spec.: 
(fontspec)             - 'bold' (b/n) with NFSS spec.:
(fontspec)             <->s*[1.03015890977869]"[latinmodern-math.otf]/OT:script
=math;language=dflt;"
(fontspec)             - 'bold small caps'  (b/sc) with NFSS spec.: 

LaTeX Font Info:    Font shape `TU/latinmodern-math.otf(1)/m/n' will be
(Font)              scaled to size 11.28015pt on input line 168.
LaTeX Font Info:    Encoding `OT1' has changed to `TU' for symbol font
(Font)              `operators' in the math version `normal' on input line 168.

LaTeX Font Info:    Overwriting symbol font `operators' in version `normal'
(Font)                  OT1/lmr/m/n --> TU/latinmodern-math.otf(1)/m/n on input
 line 168.
LaTeX Font Info:    Encoding `OT1' has changed to `TU' for symbol font
(Font)              `operators' in the math version `bold' on input line 168.
LaTeX Font Info:    Overwriting symbol font `operators' in version `bold'
(Font)                  OT1/lmr/bx/n --> TU/latinmodern-math.otf(1)/b/n on inpu
t line 168.

Package fontspec Info: latinmodern-math scale = 1.03015890977869.


Package fontspec Info: latinmodern-math scale = 1.030261925669668.


Package fontspec Info: latinmodern-math scale = 1.03015890977869.


Package fontspec Info: latinmodern-math scale = 1.030261925669668.


Package fontspec Info: latinmodern-math scale = 1.03015890977869.


Package fontspec Info: latinmodern-math scale = 1.030261925669668.


Package fontspec Info: latinmodern-math scale = 1.03015890977869.


Package fontspec Info: latinmodern-math scale = 1.030261925669668.


Package fontspec Info: latinmodern-math scale = 1.03015890977869.


Package fontspec Info: latinmodern-math scale = 1.030261925669668.


Package fontspec Info: Font family 'latinmodern-math.otf(2)' created for font
(fontspec)             'latinmodern-math.otf' with options
(fontspec)             [Scale=MatchLowercase,BoldItalicFont={},ItalicFont={},Sm
allCapsFont={},Script=Math,SizeFeatures={{Size=9.3075-},{Size=6.57-9.3075,Font=
latinmodern-math.otf,Style=MathScript},{Size=-6.57,Font=latinmodern-math.otf,St
yle=MathScriptScript}},BoldFont={latinmodern-math.otf},ScaleAgain=1.0001,FontAd
justment={\fontdimen
(fontspec)             8\font =7.63666pt\relax \fontdimen 9\font
(fontspec)             =4.44438pt\relax \fontdimen 10\font =5.00839pt\relax
(fontspec)             \fontdimen 11\font =7.73819pt\relax \fontdimen 12\font
(fontspec)             =3.89165pt\relax \fontdimen 13\font =4.0947pt\relax
(fontspec)             \fontdimen 14\font =4.0947pt\relax \fontdimen 15\font
(fontspec)             =3.25996pt\relax \fontdimen 16\font =2.7862pt\relax
(fontspec)             \fontdimen 17\font =2.7862pt\relax \fontdimen 18\font
(fontspec)             =2.82004pt\relax \fontdimen 19\font =2.25603pt\relax
(fontspec)             \fontdimen 22\font =2.82004pt\relax \fontdimen 20\font
(fontspec)             =0pt\relax \fontdimen 21\font =0pt\relax }].
(fontspec)              
(fontspec)              This font family consists of the following NFSS
(fontspec)             series/shapes:
(fontspec)              
(fontspec)             - 'normal' (m/n) with NFSS spec.:
(fontspec)             <9.3075->s*[1.030261925669668]"[latinmodern-math.otf]/OT
:script=math;language=dflt;"<6.57-9.3075>s*[1.030261925669668]"[latinmodern-mat
h.otf]/OT:script=math;language=dflt;+ssty=0;"<-6.57>s*[1.030261925669668]"[lati
nmodern-math.otf]/OT:script=math;language=dflt;+ssty=1;"
(fontspec)             - 'small caps'  (m/sc) with NFSS spec.: 
(fontspec)             and font adjustment code:
(fontspec)             \fontdimen 8\font =7.63666pt\relax \fontdimen 9\font
(fontspec)             =4.44438pt\relax \fontdimen 10\font =5.00839pt\relax
(fontspec)             \fontdimen 11\font =7.73819pt\relax \fontdimen 12\font
(fontspec)             =3.89165pt\relax \fontdimen 13\font =4.0947pt\relax
(fontspec)             \fontdimen 14\font =4.0947pt\relax \fontdimen 15\font
(fontspec)             =3.25996pt\relax \fontdimen 16\font =2.7862pt\relax
(fontspec)             \fontdimen 17\font =2.7862pt\relax \fontdimen 18\font
(fontspec)             =2.82004pt\relax \fontdimen 19\font =2.25603pt\relax
(fontspec)             \fontdimen 22\font =2.82004pt\relax \fontdimen 20\font
(fontspec)             =0pt\relax \fontdimen 21\font =0pt\relax 
(fontspec)             - 'bold' (b/n) with NFSS spec.:
(fontspec)             <->s*[1.030261925669668]"[latinmodern-math.otf]/OT:scrip
t=math;language=dflt;"
(fontspec)             - 'bold small caps'  (b/sc) with NFSS spec.: 
(fontspec)             and font adjustment code:
(fontspec)             \fontdimen 8\font =7.63666pt\relax \fontdimen 9\font
(fontspec)             =4.44438pt\relax \fontdimen 10\font =5.00839pt\relax
(fontspec)             \fontdimen 11\font =7.73819pt\relax \fontdimen 12\font
(fontspec)             =3.89165pt\relax \fontdimen 13\font =4.0947pt\relax
(fontspec)             \fontdimen 14\font =4.0947pt\relax \fontdimen 15\font
(fontspec)             =3.25996pt\relax \fontdimen 16\font =2.7862pt\relax
(fontspec)             \fontdimen 17\font =2.7862pt\relax \fontdimen 18\font
(fontspec)             =2.82004pt\relax \fontdimen 19\font =2.25603pt\relax
(fontspec)             \fontdimen 22\font =2.82004pt\relax \fontdimen 20\font
(fontspec)             =0pt\relax \fontdimen 21\font =0pt\relax 

LaTeX Font Info:    Encoding `OMS' has changed to `TU' for symbol font
(Font)              `symbols' in the math version `normal' on input line 168.
LaTeX Font Info:    Overwriting symbol font `symbols' in version `normal'
(Font)                  OMS/lmsy/m/n --> TU/latinmodern-math.otf(2)/m/n on inpu
t line 168.
LaTeX Font Info:    Encoding `OMS' has changed to `TU' for symbol font
(Font)              `symbols' in the math version `bold' on input line 168.
LaTeX Font Info:    Overwriting symbol font `symbols' in version `bold'
(Font)                  OMS/lmsy/b/n --> TU/latinmodern-math.otf(2)/b/n on inpu
t line 168.

Package fontspec Info: latinmodern-math scale = 1.03015890977869.


Package fontspec Info: latinmodern-math scale = 1.030055893887712.


Package fontspec Info: latinmodern-math scale = 1.03015890977869.


Package fontspec Info: latinmodern-math scale = 1.030055893887712.


Package fontspec Info: latinmodern-math scale = 1.03015890977869.


Package fontspec Info: latinmodern-math scale = 1.030055893887712.


Package fontspec Info: latinmodern-math scale = 1.03015890977869.


Package fontspec Info: latinmodern-math scale = 1.030055893887712.


Package fontspec Info: latinmodern-math scale = 1.03015890977869.


Package fontspec Info: latinmodern-math scale = 1.030055893887712.


Package fontspec Info: Font family 'latinmodern-math.otf(3)' created for font
(fontspec)             'latinmodern-math.otf' with options
(fontspec)             [Scale=MatchLowercase,BoldItalicFont={},ItalicFont={},Sm
allCapsFont={},Script=Math,SizeFeatures={{Size=9.3075-},{Size=6.57-9.3075,Font=
latinmodern-math.otf,Style=MathScript},{Size=-6.57,Font=latinmodern-math.otf,St
yle=MathScriptScript}},BoldFont={latinmodern-math.otf},ScaleAgain=0.9999,FontAd
justment={\fontdimen
(fontspec)             8\font =0.4512pt\relax \fontdimen 9\font
(fontspec)             =2.25603pt\relax \fontdimen 10\font =1.88379pt\relax
(fontspec)             \fontdimen 11\font =1.25209pt\relax \fontdimen 12\font
(fontspec)             =6.7681pt\relax \fontdimen 13\font =0pt\relax }].
(fontspec)              
(fontspec)              This font family consists of the following NFSS
(fontspec)             series/shapes:
(fontspec)              
(fontspec)             - 'normal' (m/n) with NFSS spec.:
(fontspec)             <9.3075->s*[1.030055893887712]"[latinmodern-math.otf]/OT
:script=math;language=dflt;"<6.57-9.3075>s*[1.030055893887712]"[latinmodern-mat
h.otf]/OT:script=math;language=dflt;+ssty=0;"<-6.57>s*[1.030055893887712]"[lati
nmodern-math.otf]/OT:script=math;language=dflt;+ssty=1;"
(fontspec)             - 'small caps'  (m/sc) with NFSS spec.: 
(fontspec)             and font adjustment code:
(fontspec)             \fontdimen 8\font =0.4512pt\relax \fontdimen 9\font
(fontspec)             =2.25603pt\relax \fontdimen 10\font =1.88379pt\relax
(fontspec)             \fontdimen 11\font =1.25209pt\relax \fontdimen 12\font
(fontspec)             =6.7681pt\relax \fontdimen 13\font =0pt\relax 
(fontspec)             - 'bold' (b/n) with NFSS spec.:
(fontspec)             <->s*[1.030055893887712]"[latinmodern-math.otf]/OT:scrip
t=math;language=dflt;"
(fontspec)             - 'bold small caps'  (b/sc) with NFSS spec.: 
(fontspec)             and font adjustment code:
(fontspec)             \fontdimen 8\font =0.4512pt\relax \fontdimen 9\font
(fontspec)             =2.25603pt\relax \fontdimen 10\font =1.88379pt\relax
(fontspec)             \fontdimen 11\font =1.25209pt\relax \fontdimen 12\font
(fontspec)             =6.7681pt\relax \fontdimen 13\font =0pt\relax 

LaTeX Font Info:    Encoding `OMX' has changed to `TU' for symbol font
(Font)              `largesymbols' in the math version `normal' on input line 1
68.
LaTeX Font Info:    Overwriting symbol font `largesymbols' in version `normal'
(Font)                  OMX/lmex/m/n --> TU/latinmodern-math.otf(3)/m/n on inpu
t line 168.
LaTeX Font Info:    Encoding `OMX' has changed to `TU' for symbol font
(Font)              `largesymbols' in the math version `bold' on input line 168
.
LaTeX Font Info:    Overwriting symbol font `largesymbols' in version `bold'
(Font)                  OMX/lmex/m/n --> TU/latinmodern-math.otf(3)/b/n on inpu
t line 168.
LaTeX Info: Redefining \microtypecontext on input line 168.
Package microtype Info: Character protrusion enabled (level 2).
Package microtype Info: Using protrusion set `basicmath'.
Package microtype Info: No adjustment of tracking.
Package microtype Info: No adjustment of spacing.
Package microtype Info: No adjustment of kerning.
Package microtype Info: Loading generic protrusion settings for font family
(microtype)             `lmss' (encoding: TU).
(microtype)             For optimal results, create family-specific settings.
(microtype)             See the microtype manual for details.
Package caption Info: Begin \AtBeginDocument code.
Package caption Info: float package is loaded.
Package caption Info: End \AtBeginDocument code.
(progress_presentation.nav) [1

]
File: progress_presentation_files/figure-beamer/unnamed-chunk-2-1.png Graphic f
ile (type bmp)
<progress_presentation_files/figure-beamer/unnamed-chunk-2-1.png>
[2

]
LaTeX Font Info:    Font shape `TU/latinmodern-math.otf(1)/m/n' will be
(Font)              scaled to size 7.8961pt on input line 221.
LaTeX Font Info:    Font shape `TU/latinmodern-math.otf(1)/m/n' will be
(Font)              scaled to size 5.64008pt on input line 221.
LaTeX Font Info:    Trying to load font information for OML+lmm on input line 2
21.
(C:\Users\Ryan\AppData\Local\Pro